[debug] > Exec(early(addDefaultCommands), None, None)
[debug] > Exec(addDefaultCommands, None, None)
[debug] > Exec(early(initialize), None, None)
[debug] > Exec(initialize, None, None)
[debug] > Exec(early(addPluginSbtFile="""C:\Users\HAMZAE~1\AppData\Local\Temp\idea.sbt"""), None, None)
[debug] > Exec(addPluginSbtFile="""C:\Users\HAMZAE~1\AppData\Local\Temp\idea.sbt""", None, None)
[debug] > Exec(boot, None, None)
[debug] > Exec(writeSbtVersion, None, None)
[debug] > Exec(reload, None, None)
[debug] > Exec(sbtStashOnFailure, None, None)
[debug] > Exec(onFailure loadFailed, None, None)
[debug] > Exec(loadp, None, None)
[info] welcome to sbt 1.9.8 (Oracle Corporation Java 19.0.1)
[debug] Load.defaultLoad until apply took 495.5529ms
[debug]           Load.loadUnit: plugins took 226.2821ms
[debug]           Load.loadUnit: defsScala took 1.0656ms
[debug] [Loading] Scanning directory C:\Users\Hamza Elhaiki\IdeaProjects\ScalaProgram\project
[debug]             Load.loadUnit: mkEval took 20.8629ms
[debug] [Loading] Found non-root projects 
[debug] [Loading] Done in C:\Users\Hamza Elhaiki\IdeaProjects\ScalaProgram\project, returning: ()
[debug] deducing auto plugins based on known facts Set(Atom(sbt.plugins.CorePlugin)) and clauses Clauses(Clause(Atom(sbt.plugins.JvmPlugin),Set(Atom(sbt.plugins.IvyPlugin)))
[debug] Clause(Atom(sbt.ScriptedPlugin),Set(Atom(sbt.plugins.JvmPlugin)))
[debug] Clause(Atom(sbt.plugins.SbtPlugin),Set(Atom(sbt.ScriptedPlugin)))
[debug] Clause(Atom(sbt.plugins.SemanticdbPlugin),Set(Atom(sbt.plugins.JvmPlugin)))
[debug] Clause(Atom(sbt.plugins.JUnitXmlReportPlugin),Set(Atom(sbt.plugins.JvmPlugin)))
[debug] Clause(Atom(sbt.plugins.MiniDependencyTreePlugin),Set(Atom(sbt.plugins.JvmPlugin)))
[debug] Clause(Atom(sbt.plugins.CorePlugin),Set(Atom(sbt.plugins.IvyPlugin)))
[debug] Clause(Atom(sbt.plugins.IvyPlugin),Set(Atom(sbt.plugins.JvmPlugin)))
[debug] Clause(Atom(sbt.plugins.JvmPlugin),Set(Atom(sbt.plugins.SemanticdbPlugin)))
[debug] Clause(Atom(sbt.plugins.JvmPlugin),Set(Atom(sbt.plugins.JUnitXmlReportPlugin)))
[debug] Clause(Atom(sbt.plugins.CorePlugin),Set(Atom(sbt.plugins.Giter8TemplatePlugin)))
[debug] Clause(Atom(sbt.plugins.JvmPlugin),Set(Atom(sbt.plugins.MiniDependencyTreePlugin))))
[debug]   :: deduced result: Matched(sbt.plugins.CorePlugin,sbt.plugins.Giter8TemplatePlugin,sbt.plugins.IvyPlugin,sbt.plugins.JvmPlugin,sbt.plugins.MiniDependencyTreePlugin,sbt.plugins.JUnitXmlReportPlugin,sbt.plugins.SemanticdbPlugin)
[debug] Plugins.deducer#function took 43.1965 ms
[info] loading settings for project scalaprogram-build from idea.sbt ...
[debug]               Load.resolveProject(scalaprogram-build) took 136.4168ms
[debug]             Load.loadTransitive: finalizeProject(Project(id scalaprogram-build, base: C:\Users\Hamza Elhaiki\IdeaProjects\ScalaProgram\project, plugins: List(<none>))) took 230.1962ms
[debug] [Loading] Done in C:\Users\Hamza Elhaiki\IdeaProjects\ScalaProgram\project, returning: (scalaprogram-build)
[debug]           Load.loadUnit: loadedProjectsRaw took 3114.2474ms
[debug]           Load.loadUnit: cleanEvalClasses took 28.7114ms
[debug]         Load.loadUnit(file:/C:/Users/Hamza%20Elhaiki/IdeaProjects/ScalaProgram/project/, ...) took 3388.2381ms
[debug]       Load.apply: load took 3699.5384ms
[debug]       Load.apply: resolveProjects took 16.0053ms
[debug]       Load.apply: finalTransforms took 147.6609ms
[debug]       Load.apply: config.delegates took 18.9946ms
[debug]       Load.apply: Def.make(settings)... took 798.1443ms
[debug]       Load.apply: structureIndex took 187.4522ms
[debug]       Load.apply: mkStreams took 2.8617ms
[info] loading project definition from C:\Users\Hamza Elhaiki\IdeaProjects\ScalaProgram\project
[debug] Running task... Cancel: Signal, check cycles: false, forcegc: true
[debug]     Load.loadUnit: plugins took 8416.5052ms
[debug]     Load.loadUnit: defsScala took 0.0044ms
[debug] [Loading] Scanning directory C:\Users\Hamza Elhaiki\IdeaProjects\ScalaProgram
[debug]       Load.loadUnit: mkEval took 0.5967ms
[debug] [Loading] Found root project root w/ remaining 
[debug] deducing auto plugins based on known facts Set(Atom(sbt.plugins.CorePlugin)) and clauses Clauses(Clause(Atom(sbt.plugins.JvmPlugin),Set(Atom(sbt.plugins.IvyPlugin)))
[debug] Clause(Atom(sbt.ScriptedPlugin),Set(Atom(sbt.plugins.JvmPlugin)))
[debug] Clause(Atom(sbt.plugins.SbtPlugin),Set(Atom(sbt.ScriptedPlugin)))
[debug] Clause(Atom(sbt.plugins.SemanticdbPlugin),Set(Atom(sbt.plugins.JvmPlugin)))
[debug] Clause(Atom(sbt.plugins.JUnitXmlReportPlugin),Set(Atom(sbt.plugins.JvmPlugin)))
[debug] Clause(Atom(sbt.plugins.MiniDependencyTreePlugin),Set(Atom(sbt.plugins.JvmPlugin)))
[debug] Clause(Atom(org.jetbrains.sbt.StructurePlugin),Set(Atom(sbt.plugins.JvmPlugin)))
[debug] Clause(Atom(org.jetbrains.sbt.IdeaShellPlugin),Set(Atom(sbt.plugins.JvmPlugin)))
[debug] Clause(Atom(org.jetbrains.sbt.indices.SbtIntellijIndicesPlugin),Set(Atom(sbt.plugins.JvmPlugin)))
[debug] Clause(Atom(sbt.plugins.CorePlugin),Set(Atom(sbt.plugins.IvyPlugin)))
[debug] Clause(Atom(sbt.plugins.IvyPlugin),Set(Atom(sbt.plugins.JvmPlugin)))
[debug] Clause(Atom(sbt.plugins.JvmPlugin),Set(Atom(sbt.plugins.SemanticdbPlugin)))
[debug] Clause(Atom(sbt.plugins.JvmPlugin),Set(Atom(sbt.plugins.JUnitXmlReportPlugin)))
[debug] Clause(Atom(sbt.plugins.CorePlugin),Set(Atom(sbt.plugins.Giter8TemplatePlugin)))
[debug] Clause(Atom(sbt.plugins.JvmPlugin),Set(Atom(sbt.plugins.MiniDependencyTreePlugin)))
[debug] Clause(Atom(sbt.plugins.JvmPlugin),Set(Atom(org.jetbrains.sbt.StructurePlugin)))
[debug] Clause(Atom(sbt.plugins.JvmPlugin),Set(Atom(org.jetbrains.sbt.IdeaShellPlugin)))
[debug] Clause(And(Set(Atom(sbt.plugins.CorePlugin), Atom(sbt.plugins.JvmPlugin))),Set(Atom(org.jetbrains.sbt.indices.SbtIntellijIndicesPlugin))))
[debug]   :: deduced result: Matched(sbt.plugins.CorePlugin,sbt.plugins.Giter8TemplatePlugin,sbt.plugins.IvyPlugin,sbt.plugins.JvmPlugin,sbt.plugins.SemanticdbPlugin,org.jetbrains.sbt.indices.SbtIntellijIndicesPlugin,sbt.plugins.JUnitXmlReportPlugin,org.jetbrains.sbt.IdeaShellPlugin,org.jetbrains.sbt.StructurePlugin,sbt.plugins.MiniDependencyTreePlugin)
[debug] Plugins.deducer#function took 4.0954 ms
[info] loading settings for project root from build.sbt ...
[debug]         Load.resolveProject(root) took 51.5254ms
[debug]       Load.loadTransitive: finalizeProject(Project(id root, base: C:\Users\Hamza Elhaiki\IdeaProjects\ScalaProgram, plugins: List(<none>))) took 58.0067ms
[debug] [Loading] Done in C:\Users\Hamza Elhaiki\IdeaProjects\ScalaProgram, returning: (root)
[debug]     Load.loadUnit: loadedProjectsRaw took 4975.8596ms
[debug]     Load.loadUnit: cleanEvalClasses took 18.3072ms
[debug]   Load.loadUnit(file:/C:/Users/Hamza%20Elhaiki/IdeaProjects/ScalaProgram/, ...) took 13414.4442ms
[debug] Load.apply: load took 13682.6868ms
[debug] Load.apply: resolveProjects took 0.3408ms
[debug] Load.apply: finalTransforms took 73.2762ms
[debug] Load.apply: config.delegates took 1.2967ms
[debug] Load.apply: Def.make(settings)... took 226.3628ms
[debug] Load.apply: structureIndex took 227.8909ms
[debug] Load.apply: mkStreams took 0.0081ms
[info] set current project to ScalaProgram (in build file:/C:/Users/Hamza%20Elhaiki/IdeaProjects/ScalaProgram/)
[debug] > Exec(sbtPopOnFailure, None, None)
[debug] > Exec(resumeFromFailure, None, None)
[debug] > Exec(notifyUsersAboutShell, None, None)
[debug] > Exec(iflast shell, None, None)
[debug] > Exec(; set ideaPort in Global := 63422 ; idea-shell, None, None)
[debug] > Exec(set ideaPort in Global := 63422, None, None)
[info] Defining Global / ideaPort
[info] The new value will be used by Compile / compile, Test / compile
[debug] Defining 
[debug] 	Global / ideaPort
[debug] 
[debug] The new value will be used by 
[debug] 	Compile / compile
[debug] 	Test / compile
[info] Reapplying settings...
[info] set current project to ScalaProgram (in build file:/C:/Users/Hamza%20Elhaiki/IdeaProjects/ScalaProgram/)
[debug] > Exec(idea-shell, None, None)
